<?xml version="1.0" encoding="UTF-8"?>
<!-- Generated by org.testng.reporters.JUnitReportReporter -->
<testsuite hostname="pratik" name="com.volProject.AppiumDemo.SwipeTest" tests="1" failures="0" timestamp="9 Mar 2016 12:41:24 GMT" time="3.420" errors="0">
  <testcase name="fF" time="3.420" classname="com.volProject.AppiumDemo.SwipeTest"/>
</testsuite> <!-- com.volProject.AppiumDemo.SwipeTest -->
