<?xml version="1.0" encoding="UTF-8"?>
<!-- Generated by org.testng.reporters.JUnitReportReporter -->
<testsuite hostname="pratik" name="com.volProject.AppiumDemo.SendMessage" tests="1" failures="0" timestamp="11 Mar 2016 07:08:23 GMT" time="10.887" errors="0">
  <testcase name="test1" time="10.887" classname="com.volProject.AppiumDemo.SendMessage"/>
</testsuite> <!-- com.volProject.AppiumDemo.SendMessage -->
