<?xml version="1.0" encoding="UTF-8"?>
<!-- Generated by org.testng.reporters.JUnitReportReporter -->
<testsuite hostname="pratik" name="com.volProject.AppiumDemo.secondTest" tests="2" failures="0" timestamp="10 Mar 2016 05:27:07 GMT" time="6.435" errors="0">
  <testcase name="fF" time="3.091" classname="com.volProject.AppiumDemo.secondTest"/>
  <testcase name="fF" time="3.344" classname="com.volProject.AppiumDemo.secondTest"/>
</testsuite> <!-- com.volProject.AppiumDemo.secondTest -->
