<?xml version="1.0" encoding="UTF-8"?>
<!-- Generated by org.testng.reporters.JUnitReportReporter -->
<testsuite hostname="pratik" name="com.volProject.AppiumDemo.NewTest" tests="1" failures="0" timestamp="7 Mar 2016 07:18:20 GMT" time="0.005" errors="0">
  <testcase name="f" time="0.005" classname="com.volProject.AppiumDemo.NewTest"/>
</testsuite> <!-- com.volProject.AppiumDemo.NewTest -->
