<?xml version="1.0" encoding="UTF-8"?>
<!-- Generated by org.testng.reporters.JUnitReportReporter -->
<testsuite hostname="pratik" name="com.volProject.AppiumDemo.firstTest" tests="2" failures="0" timestamp="10 Mar 2016 05:50:22 GMT" time="8.993" errors="0">
  <testcase name="fFa" time="3.988" classname="com.volProject.AppiumDemo.firstTest"/>
  <testcase name="fF" time="5.005" classname="com.volProject.AppiumDemo.firstTest"/>
</testsuite> <!-- com.volProject.AppiumDemo.firstTest -->
